[DEBUG|logging_pack.py:45] 2021-02-20 00:39:28,224 > debug 모드!
[INFO|logging_pack.py:46] 2021-02-20 00:39:28,228 > info 모드!
[WARNING|logging_pack.py:47] 2021-02-20 00:39:28,228 > warning 모드!
[ERROR|logging_pack.py:48] 2021-02-20 00:39:28,228 > error 모드!
[CRITICAL|logging_pack.py:49] 2021-02-20 00:39:28,229 > critical 모드!
[DEBUG|logging_pack.py:45] 2021-02-20 00:39:59,360 > debug 모드!
[INFO|logging_pack.py:46] 2021-02-20 00:39:59,360 > info 모드!
[WARNING|logging_pack.py:47] 2021-02-20 00:39:59,360 > warning 모드!
[ERROR|logging_pack.py:48] 2021-02-20 00:39:59,361 > error 모드!
[CRITICAL|logging_pack.py:49] 2021-02-20 00:39:59,361 > critical 모드!
[DEBUG|logging_pack.py:45] 2021-02-20 00:42:01,420 > debug 모드!
[INFO|logging_pack.py:46] 2021-02-20 00:42:01,420 > info 모드!
[WARNING|logging_pack.py:47] 2021-02-20 00:42:01,421 > warning 모드!
[ERROR|logging_pack.py:48] 2021-02-20 00:42:01,421 > error 모드!
[CRITICAL|logging_pack.py:49] 2021-02-20 00:42:01,421 > critical 모드!
[DEBUG|logging_pack.py:45] 2021-02-20 00:43:19,027 > debug 모드!
[INFO|logging_pack.py:46] 2021-02-20 00:43:19,028 > info 모드!
[WARNING|logging_pack.py:47] 2021-02-20 00:43:19,028 > warning 모드!
[ERROR|logging_pack.py:48] 2021-02-20 00:43:19,028 > error 모드!
[CRITICAL|logging_pack.py:49] 2021-02-20 00:43:19,028 > critical 모드!
[DEBUG|logging_pack.py:45] 2021-02-20 00:43:49,693 > debug 모드!
[INFO|logging_pack.py:46] 2021-02-20 00:43:49,694 > info 모드!
[WARNING|logging_pack.py:47] 2021-02-20 00:43:49,694 > warning 모드!
[ERROR|logging_pack.py:48] 2021-02-20 00:43:49,694 > error 모드!
[CRITICAL|logging_pack.py:49] 2021-02-20 00:43:49,694 > critical 모드!
[DEBUG|logging_pack.py:45] 2021-02-20 00:45:09,505 > debug 모드!
[INFO|logging_pack.py:46] 2021-02-20 00:45:09,506 > info 모드!
[WARNING|logging_pack.py:47] 2021-02-20 00:45:09,506 > warning 모드!
[ERROR|logging_pack.py:48] 2021-02-20 00:45:09,506 > error 모드!
[CRITICAL|logging_pack.py:49] 2021-02-20 00:45:09,507 > critical 모드!
[DEBUG|logging_pack.py:45] 2021-02-20 00:45:41,936 > debug 모드!
[INFO|logging_pack.py:46] 2021-02-20 00:45:41,936 > info 모드!
[WARNING|logging_pack.py:47] 2021-02-20 00:45:41,937 > warning 모드!
[ERROR|logging_pack.py:48] 2021-02-20 00:45:41,937 > error 모드!
[CRITICAL|logging_pack.py:49] 2021-02-20 00:45:41,937 > critical 모드!
[DEBUG|logging_pack.py:45] 2021-02-20 00:46:06,922 > debug 모드!
[INFO|logging_pack.py:46] 2021-02-20 00:46:06,923 > info 모드!
[WARNING|logging_pack.py:47] 2021-02-20 00:46:06,923 > warning 모드!
[ERROR|logging_pack.py:48] 2021-02-20 00:46:06,923 > error 모드!
[CRITICAL|logging_pack.py:49] 2021-02-20 00:46:06,923 > critical 모드!
[DEBUG|logging_pack.py:45] 2021-02-20 00:50:54,482 > debug 모드!
[INFO|logging_pack.py:46] 2021-02-20 00:50:54,482 > info 모드!
[WARNING|logging_pack.py:47] 2021-02-20 00:50:54,482 > warning 모드!
[ERROR|logging_pack.py:48] 2021-02-20 00:50:54,482 > error 모드!
[CRITICAL|logging_pack.py:49] 2021-02-20 00:50:54,483 > critical 모드!
[DEBUG|logging_pack.py:45] 2021-02-20 00:55:48,683 > debug 모드!
[INFO|logging_pack.py:46] 2021-02-20 00:55:48,684 > info 모드!
[WARNING|logging_pack.py:47] 2021-02-20 00:55:48,684 > warning 모드!
[ERROR|logging_pack.py:48] 2021-02-20 00:55:48,684 > error 모드!
[CRITICAL|logging_pack.py:49] 2021-02-20 00:55:48,684 > critical 모드!
[DEBUG|logging_pack.py:45] 2021-02-20 00:56:25,855 > debug 모드!
[INFO|logging_pack.py:46] 2021-02-20 00:56:25,855 > info 모드!
[WARNING|logging_pack.py:47] 2021-02-20 00:56:25,856 > warning 모드!
[ERROR|logging_pack.py:48] 2021-02-20 00:56:25,856 > error 모드!
[CRITICAL|logging_pack.py:49] 2021-02-20 00:56:25,856 > critical 모드!
[DEBUG|logging_pack.py:45] 2021-02-20 01:00:41,975 > debug 모드!
[INFO|logging_pack.py:46] 2021-02-20 01:00:41,976 > info 모드!
[WARNING|logging_pack.py:47] 2021-02-20 01:00:41,977 > warning 모드!
[ERROR|logging_pack.py:48] 2021-02-20 01:00:41,977 > error 모드!
[CRITICAL|logging_pack.py:49] 2021-02-20 01:00:41,977 > critical 모드!
[DEBUG|logging_pack.py:45] 2021-02-20 01:31:28,288 > debug 모드!
[INFO|logging_pack.py:46] 2021-02-20 01:31:28,289 > info 모드!
[WARNING|logging_pack.py:47] 2021-02-20 01:31:28,289 > warning 모드!
[ERROR|logging_pack.py:48] 2021-02-20 01:31:28,289 > error 모드!
[CRITICAL|logging_pack.py:49] 2021-02-20 01:31:28,289 > critical 모드!
